<?xml version="1.0" encoding="UTF-8"?>
<!-- Generated by org.testng.reporters.JUnitReportReporter -->
<testsuite hostname="Adi" failures="0" tests="3" name="Seleniumpack.ExcelRetrieve" time="35.237" errors="0" timestamp="2025-08-20T16:31:20 IST" skipped="0">
  <testcase classname="Seleniumpack.ExcelRetrieve" name="f" time="8.904"/>
  <testcase classname="Seleniumpack.ExcelRetrieve" name="f" time="17.588"/>
  <testcase classname="Seleniumpack.ExcelRetrieve" name="f" time="8.745"/>
</testsuite> <!-- Seleniumpack.ExcelRetrieve -->
