<?xml version="1.0" encoding="UTF-8"?>
<!-- Generated by org.testng.reporters.JUnitReportReporter -->
<testsuite hostname="Adi" failures="0" tests="2" name="Seleniumpack.TC012_Selenium" time="20.238" errors="0" timestamp="2025-08-20T09:39:37 IST" skipped="0">
  <testcase classname="Seleniumpack.TC012_Selenium" name="f" time="12.988"/>
  <testcase classname="Seleniumpack.TC012_Selenium" name="f" time="7.250"/>
</testsuite> <!-- Seleniumpack.TC012_Selenium -->
