<?xml version="1.0" encoding="UTF-8"?>
<!-- Generated by org.testng.reporters.JUnitReportReporter -->
<testsuite hostname="Adi" failures="0" tests="2" name="Seleniumpack.TC0017_seleniumPageFactory" time="0.019" errors="0" timestamp="2025-08-21T09:28:23 IST" skipped="0">
  <testcase classname="Seleniumpack.TC0017_seleniumPageFactory" name="f" time="0.003"/>
  <testcase classname="Seleniumpack.TC0017_seleniumPageFactory" name="f" time="0.016"/>
</testsuite> <!-- Seleniumpack.TC0017_seleniumPageFactory -->
