<?xml version="1.0" encoding="UTF-8"?>
<!-- Generated by org.testng.reporters.JUnitReportReporter -->
<testsuite hostname="Adi" failures="0" tests="3" name="Seleniumpack.Lab9_3" time="81.122" errors="0" timestamp="2025-08-20T10:31:43 IST" skipped="0">
  <testcase classname="Seleniumpack.Lab9_3" name="f" time="46.825"/>
  <testcase classname="Seleniumpack.Lab9_3" name="f" time="8.548"/>
  <testcase classname="Seleniumpack.Lab9_3" name="f" time="25.749"/>
</testsuite> <!-- Seleniumpack.Lab9_3 -->
