<?xml version="1.0" encoding="UTF-8"?>
<!-- Generated by org.testng.reporters.JUnitReportReporter -->
<testsuite hostname="Adi" failures="0" tests="1" name="Seleniumpack.Lab11_3" time="11.503" errors="0" timestamp="2025-08-20T15:46:02 IST" skipped="0">
  <testcase classname="Seleniumpack.Lab11_3" name="f" time="11.503"/>
</testsuite> <!-- Seleniumpack.Lab11_3 -->
