<?xml version="1.0" encoding="UTF-8"?>
<!-- Generated by org.testng.reporters.JUnitReportReporter -->
<testsuite hostname="Adi" failures="0" tests="1" name="Seleniumpack.Lab3" time="11.831" errors="0" timestamp="2025-08-20T10:18:52 IST" skipped="0">
  <testcase classname="Seleniumpack.Lab3" name="f" time="11.831"/>
</testsuite> <!-- Seleniumpack.Lab3 -->
