<?xml version="1.0" encoding="UTF-8"?>
<!-- Generated by org.testng.reporters.JUnitReportReporter -->
<testsuite hostname="Adi" failures="0" tests="2" name="Seleniumpack.Login" time="20.747" errors="0" timestamp="2025-08-21T09:28:02 IST" skipped="0">
  <testcase classname="Seleniumpack.Login" name="f" time="8.139"/>
  <testcase classname="Seleniumpack.Login" name="f" time="12.608"/>
</testsuite> <!-- Seleniumpack.Login -->
