<?xml version="1.0" encoding="UTF-8"?>
<!-- Generated by org.testng.reporters.JUnitReportReporter -->
<testsuite hostname="Adi" failures="0" tests="2" name="pack1.TC0012_TestNG" time="27.989" errors="0" timestamp="2025-08-18T12:18:52 IST" skipped="0">
  <testcase classname="pack1.TC0012_TestNG" name="f" time="17.372"/>
  <testcase classname="pack1.TC0012_TestNG" name="f" time="10.617"/>
</testsuite> <!-- pack1.TC0012_TestNG -->
